00:00:00 T:0   DEBUG: DllBcm: Using omx system library
00:00:00 T:0   DEBUG: DllOMX: Using omx system library
00:00:00 T:0   DEBUG: DllAvFormat: Using libavformat system library
00:00:00 T:0   DEBUG: DllAvUtilBase: Using libavutil system library
00:00:00 T:0   DEBUG: DllAvCodec: Using libavcodec system library
00:00:00 T:0   DEBUG: DllAvFormat: Using libavformat system library
00:00:00 T:0   DEBUG: DllOMX: Using omx system library
00:00:00 T:0   DEBUG: COMXCoreComponent::Initialize OMX.broadcom.clock input port 80 output port 81
00:00:00 T:0   DEBUG: DllAvUtilBase: Using libavutil system library
00:00:00 T:0   DEBUG: DllAvCodec: Using libavcodec system library
00:00:00 T:0   DEBUG: DllAvFormat: Using libavformat system library
00:00:00 T:0   DEBUG: DllOMX: Using omx system library
00:00:00 T:0   DEBUG: Previous line repeats 5 times.
00:00:00 T:0   DEBUG: COMXCoreComponent::Initialize OMX.broadcom.video_decode input port 130 output port 131
00:00:00 T:0   DEBUG: DllOMX: Using omx system library
00:00:00 T:0   DEBUG: COMXCoreComponent::Initialize OMX.broadcom.video_render input port 90 output port 90
00:00:00 T:0   DEBUG: DllOMX: Using omx system library
00:00:00 T:0   DEBUG: COMXCoreComponent::Initialize OMX.broadcom.video_scheduler input port 10 output port 11
00:00:00 T:0   DEBUG: DllOMX: Using omx system library
00:00:00 T:0   DEBUG: COMXCoreComponent::Initialize OMX.broadcom.text_scheduler input port 150 output port 151
00:00:00 T:0   DEBUG: COMXCoreComponent::AllocInputBuffers component(OMX.broadcom.video_decode) - port(130), nBufferCountMin(1), nBufferCountActual(60), nBufferSize(81920), nBufferAlignmen(16)
00:00:00 T:0   DEBUG: COMXCoreComponent::AllocInputBuffers component(OMX.broadcom.text_scheduler) - port(150), nBufferCountMin(1), nBufferCountActual(100), nBufferSize(1024), nBufferAlignmen(16)
00:00:00 T:0   DEBUG: COMXCoreComponent::AllocOutputBuffers component(OMX.broadcom.text_scheduler) - port(151), nBufferCountMin(1), nBufferCountActual(1), nBufferSize(1024) nBufferAlignmen(16)
00:00:00 T:0   DEBUG: COMXVideo::Open - decoder_component(0x0x12c0b00), input_port(0x82), output_port(0x83) deinterlace 0 hdmiclocksync 0
00:00:00 T:0   DEBUG: OMXThread::Create - Thread with id -1294310304 started
00:00:00 T:0   DEBUG: OMXThread::Run - Exited thread with  id -1294310304
00:00:00 T:0   DEBUG: OMXThread::StopThread - Thread stopped
